app/build/intermediates/manifest_merge_blame_file/debug/manifest-merger-blame-debug-report.txt
1<?xml version="1.0" encoding="utf-8"?>
2<manifest xmlns:android="http://schemas.android.com/apk/res/android"
3    package="com.example.proteintracker"
4    android:versionCode="1"
5    android:versionName="1.0" >
6
7    <uses-sdk
8        android:minSdkVersion="21"
8-->src\main\AndroidManifest.xml
9        android:targetSdkVersion="29" />
9-->src\main\AndroidManifest.xml
10
11    <application
11-->src\main\AndroidManifest.xml:5:5-40:19
12        android:allowBackup="true"
12-->src\main\AndroidManifest.xml:6:9-35
13        android:appComponentFactory="androidx.core.app.CoreComponentFactory"
13-->[androidx.core:core:1.1.0-beta01] AndroidManifest.xml:22:18-86
14        android:debuggable="true"
15        android:icon="@mipmap/ic_launcher"
15-->src\main\AndroidManifest.xml:7:9-43
16        android:label="@string/app_name"
16-->src\main\AndroidManifest.xml:8:9-41
17        android:roundIcon="@mipmap/ic_launcher_round"
17-->src\main\AndroidManifest.xml:9:9-54
18        android:supportsRtl="true"
18-->src\main\AndroidManifest.xml:10:9-35
19        android:testOnly="true"
20        android:theme="@style/AppTheme" >
20-->src\main\AndroidManifest.xml:11:9-40
21        <activity
21-->src\main\AndroidManifest.xml:12:9-14:87
22            android:name="com.example.proteintracker.SettingProteinTracker"
22-->src\main\AndroidManifest.xml:13:13-50
23            android:label="@string/title_activity_setting_protein_tracker" />
23-->src\main\AndroidManifest.xml:14:13-75
24        <activity android:name="com.example.proteintracker.DaftarTemanActivity" />
24-->src\main\AndroidManifest.xml:15:9-66
24-->src\main\AndroidManifest.xml:15:19-54
25        <activity android:name="com.example.proteintracker.InClassRecyclerView" />
25-->src\main\AndroidManifest.xml:16:9-66
25-->src\main\AndroidManifest.xml:16:19-54
26        <activity android:name="com.example.proteintracker.RecyclerViewActivity" />
26-->src\main\AndroidManifest.xml:17:9-67
26-->src\main\AndroidManifest.xml:17:19-55
27        <activity android:name="com.example.proteintracker.KelolaMhsActivity" >
27-->src\main\AndroidManifest.xml:18:9-20:20
27-->src\main\AndroidManifest.xml:18:19-52
28        </activity>
29        <activity android:name="com.example.proteintracker.MahasiswaEditActivity" />
29-->src\main\AndroidManifest.xml:21:9-59
29-->src\main\AndroidManifest.xml:21:19-56
30        <activity android:name="com.example.proteintracker.MahasiswaAddActivity" />
30-->src\main\AndroidManifest.xml:22:9-58
30-->src\main\AndroidManifest.xml:22:19-55
31        <activity android:name="com.example.proteintracker.SampleList" />
31-->src\main\AndroidManifest.xml:23:9-48
31-->src\main\AndroidManifest.xml:23:19-45
32        <activity android:name="com.example.proteintracker.MahasiswaActivity" />
32-->src\main\AndroidManifest.xml:24:9-55
32-->src\main\AndroidManifest.xml:24:19-52
33        <activity android:name="com.example.proteintracker.Mahasiswa1Fragment" />
33-->src\main\AndroidManifest.xml:25:9-56
33-->src\main\AndroidManifest.xml:25:19-53
34        <activity android:name="com.example.proteintracker.ProteinTrackerApp" >
34-->src\main\AndroidManifest.xml:26:9-32:20
34-->src\main\AndroidManifest.xml:26:19-52
35            <intent-filter>
35-->src\main\AndroidManifest.xml:27:13-31:29
36                <action android:name="android.intent.action.MAIN" />
36-->src\main\AndroidManifest.xml:28:17-69
36-->src\main\AndroidManifest.xml:28:25-66
37
38                <category android:name="android.intent.category.LAUNCHER" />
38-->src\main\AndroidManifest.xml:30:17-77
38-->src\main\AndroidManifest.xml:30:27-74
39            </intent-filter>
40        </activity>
41        <activity android:name="com.example.proteintracker.Table" />
41-->src\main\AndroidManifest.xml:33:9-43
41-->src\main\AndroidManifest.xml:33:19-40
42        <activity android:name="com.example.proteintracker.Main3FragmentActivity" />
42-->src\main\AndroidManifest.xml:34:9-59
42-->src\main\AndroidManifest.xml:34:19-56
43        <activity android:name="com.example.proteintracker.Text" />
43-->src\main\AndroidManifest.xml:35:9-42
43-->src\main\AndroidManifest.xml:35:19-39
44        <activity android:name="com.example.proteintracker.Test" />
44-->src\main\AndroidManifest.xml:36:9-42
44-->src\main\AndroidManifest.xml:36:19-39
45        <activity android:name="com.example.proteintracker.HelpActivity" />
45-->src\main\AndroidManifest.xml:37:9-50
45-->src\main\AndroidManifest.xml:37:19-47
46        <activity android:name="com.example.proteintracker.MainActivity" >
46-->src\main\AndroidManifest.xml:38:9-39:20
46-->src\main\AndroidManifest.xml:38:19-47
47        </activity>
48    </application>
49
50</manifest>